<?xml version="1.0" encoding="UTF-8"?>
<!-- Generated by org.testng.reporters.JUnitReportReporter -->
<testsuite hostname="DESKTOP-49HPLNI" failures="0" tests="1" name="test.Flipkart.VerifyElectronicsPage" time="30.526" errors="0" timestamp="2022-05-18T13:48:00 IST" skipped="0">
  <testcase classname="test.Flipkart.VerifyElectronicsPage" name="verifyselectTopOffersTab" time="30.526"/>
  <system-out/>
</testsuite> <!-- test.Flipkart.VerifyElectronicsPage -->
