<?xml version="1.0" encoding="UTF-8"?>
<!-- Generated by org.testng.reporters.JUnitReportReporter -->
<testsuite hostname="DESKTOP-49HPLNI" failures="0" tests="1" name="test.Flipkart.VerifyRealmeNarzo50iMobile" time="83.032" errors="0" timestamp="2022-05-18T15:09:22 IST" skipped="0">
  <testcase classname="test.Flipkart.VerifyRealmeNarzo50iMobile" name="clickOnRealme" time="83.032"/>
  <system-out/>
</testsuite> <!-- test.Flipkart.VerifyRealmeNarzo50iMobile -->
