<?xml version="1.0" encoding="UTF-8"?>
<!-- Generated by org.testng.reporters.JUnitReportReporter -->
<testsuite hostname="DESKTOP-49HPLNI" failures="0" tests="3" name="test.Flipkart.VerifyRealmeC11Mobile" time="125.349" errors="0" timestamp="2022-05-18T22:37:32 IST" skipped="0">
  <testcase classname="test.Flipkart.VerifyRealmeC11Mobile" name="selectRealmeNarzo50i" time="58.759"/>
  <system-out/>
  <testcase classname="test.Flipkart.VerifyRealmeC11Mobile" name="selectRealmeC11" time="32.739"/>
  <system-out/>
  <testcase classname="test.Flipkart.VerifyRealmeC11Mobile" name="selectRealme9i" time="33.851"/>
  <system-out/>
</testsuite> <!-- test.Flipkart.VerifyRealmeC11Mobile -->
